j:\projects\graphicstutorials\bengine\release\vc120.pdb
j:\projects\graphicstutorials\bengine\release\window.obj
j:\projects\graphicstutorials\bengine\release\timing.obj
j:\projects\graphicstutorials\bengine\release\texturecache.obj
j:\projects\graphicstutorials\bengine\release\spritefont.obj
j:\projects\graphicstutorials\bengine\release\spritebatch.obj
j:\projects\graphicstutorials\bengine\release\sprite.obj
j:\projects\graphicstutorials\bengine\release\resourcemanager.obj
j:\projects\graphicstutorials\bengine\release\picopng.obj
j:\projects\graphicstutorials\bengine\release\particleengine2d.obj
j:\projects\graphicstutorials\bengine\release\particlebatch2d.obj
j:\projects\graphicstutorials\bengine\release\iomanager.obj
j:\projects\graphicstutorials\bengine\release\inputmanager.obj
j:\projects\graphicstutorials\bengine\release\imageloader.obj
j:\projects\graphicstutorials\bengine\release\glslprogram.obj
j:\projects\graphicstutorials\bengine\release\bengineerrors.obj
j:\projects\graphicstutorials\bengine\release\camera2d.obj
j:\projects\graphicstutorials\bengine\release\bengine.obj
j:\projects\graphicstutorials\bengine\release\audioengine.obj
j:\projects\graphicstutorials\release\bengine.lib
j:\projects\graphicstutorials\bengine\release\bengine.tlog\cl.command.1.tlog
j:\projects\graphicstutorials\bengine\release\bengine.tlog\cl.read.1.tlog
j:\projects\graphicstutorials\bengine\release\bengine.tlog\cl.write.1.tlog
j:\projects\graphicstutorials\bengine\release\bengine.tlog\lib-link.read.1.tlog
j:\projects\graphicstutorials\bengine\release\bengine.tlog\lib-link.write.1.tlog
j:\projects\graphicstutorials\bengine\release\bengine.tlog\lib.command.1.tlog
