Build started 11/24/2016 1:02:51 PM.
     1>Project "F:\documents\TigerZone\TigerZone\TigerZone\TigerZone\TigerZone.vcxproj" on node 2 (Build target(s)).
     1>Link:
         C:\Program Files (x86)\Microsoft Visual Studio 12.0\VC\bin\link.exe /ERRORREPORT:PROMPT /OUT:"F:\documents\TigerZone\TigerZone\TigerZone\Release\TigerZone.exe" /NOLOGO SDL2.lib SDL2main.lib SDL2_ttf.lib SDL2_mixer.lib glew32.lib opengl32.lib Bengine.lib Box2D.lib kernel32.lib user32.lib gdi32.lib winspool.lib comdlg32.lib advapi32.lib shell32.lib ole32.lib oleaut32.lib uuid.lib odbc32.lib odbccp32.lib /MANIFEST /MANIFESTUAC:"level='asInvoker' uiAccess='false'" /manifest:embed /DEBUG /PDB:"F:\documents\TigerZone\TigerZone\TigerZone\Release\TigerZone.pdb" /SUBSYSTEM:CONSOLE /OPT:REF /OPT:ICF /LTCG /TLBID:1 /DYNAMICBASE /NXCOMPAT /IMPLIB:"F:\documents\TigerZone\TigerZone\TigerZone\Release\TigerZone.lib" /MACHINE:X86 /SAFESEH Release\App.obj
         Release\Board.obj
         Release\Farmer.obj
         Release\Game.obj
         Release\GamePlayScreen.obj
         Release\Level.obj
         Release\main.obj
         Release\Meeple.obj
         Release\Monk.obj
         Release\Player.obj
         Release\Block.obj
         Release\Face.obj
         Release\Tile.obj
         Release\TileStack.obj
         Generating code
         Finished generating code
         TigerZone.vcxproj -> F:\documents\TigerZone\TigerZone\TigerZone\Release\TigerZone.exe
     1>Done Building Project "F:\documents\TigerZone\TigerZone\TigerZone\TigerZone\TigerZone.vcxproj" (Build target(s)).

Build succeeded.

Time Elapsed 00:00:01.92
